<?xml version="1.0" encoding="UTF-8"?>
<!-- Generated by org.testng.reporters.JUnitReportReporter -->
<testsuite skipped="0" hostname="LAPTOP-3QDR5V8L" name="job.Testi" tests="1" failures="0" timestamp="14 Dec 2023 09:12:26 GMT" time="20.880" errors="0">
  <testcase name="Login" time="20.880" classname="job.Testi"/>
</testsuite> <!-- job.Testi -->
